<<<<<<< HEAD
2019-06-29 08:04:17,782 INFO org.springframework.boot.SpringApplication [restartedMain] No active profile set, falling back to default profiles: default
2019-06-29 08:06:09,172 INFO org.springframework.boot.SpringApplication [restartedMain] No active profile set, falling back to default profiles: default
2019-06-29 08:06:53,291 INFO org.springframework.boot.StartupInfoLogger [restartedMain] Started SpringEurekaAuthApp in 50.679 seconds (JVM running for 53.009)
2019-06-29 08:25:02,232 INFO org.springframework.boot.SpringApplication [restartedMain] No active profile set, falling back to default profiles: default
2019-06-29 08:29:54,059 INFO org.springframework.boot.SpringApplication [restartedMain] No active profile set, falling back to default profiles: default
2019-06-29 08:30:16,634 INFO org.springframework.boot.StartupInfoLogger [restartedMain] Started SpringEurekaAuthApp in 25.692 seconds (JVM running for 26.747)
2019-06-29 14:02:38,345 INFO org.springframework.boot.SpringApplication [main] No active profile set, falling back to default profiles: default
2019-06-29 14:05:55,567 INFO org.springframework.boot.SpringApplication [main] No active profile set, falling back to default profiles: default
2019-06-29 15:47:19,981 INFO org.springframework.boot.SpringApplication [main] No active profile set, falling back to default profiles: default
2019-06-29 15:51:43,840 INFO org.springframework.boot.SpringApplication [main] No active profile set, falling back to default profiles: default
2019-06-29 15:53:24,811 INFO org.springframework.boot.SpringApplication [main] No active profile set, falling back to default profiles: default
2019-06-29 15:53:42,683 INFO org.springframework.boot.StartupInfoLogger [main] Started SpringEurekaServiceApplicationTests in 21.332 seconds (JVM running for 23.28)
2019-06-29 19:04:04,534 INFO org.springframework.boot.SpringApplication [restartedMain] No active profile set, falling back to default profiles: default
2019-06-29 19:14:32,621 INFO org.springframework.boot.SpringApplication [restartedMain] No active profile set, falling back to default profiles: default
2019-06-29 19:16:06,826 INFO org.springframework.boot.StartupInfoLogger [restartedMain] Started SpringEurekaAuthApp in 106.084 seconds (JVM running for 107.184)
2019-06-29 19:37:07,088 INFO org.springframework.boot.SpringApplication [restartedMain] No active profile set, falling back to default profiles: default
2019-06-29 19:38:18,060 INFO org.springframework.boot.StartupInfoLogger [restartedMain] Started SpringEurekaAuthApp in 77.722 seconds (JVM running for 78.993)
2019-06-29 20:08:24,840 INFO org.springframework.boot.SpringApplication [restartedMain] No active profile set, falling back to default profiles: default
2019-06-29 20:09:14,568 INFO org.springframework.boot.StartupInfoLogger [restartedMain] Started SpringEurekaAuthApp in 60.787 seconds (JVM running for 61.893)
2019-06-29 20:19:52,789 INFO org.springframework.boot.SpringApplication [restartedMain] No active profile set, falling back to default profiles: default
2019-06-29 20:20:49,655 INFO org.springframework.boot.StartupInfoLogger [restartedMain] Started SpringEurekaAuthApp in 62.934 seconds (JVM running for 63.991)
2019-06-29 20:39:32,857 INFO org.springframework.boot.SpringApplication [restartedMain] No active profile set, falling back to default profiles: default
2019-06-29 20:40:00,987 INFO org.springframework.boot.StartupInfoLogger [restartedMain] Started SpringEurekaAuthApp in 34.836 seconds (JVM running for 37.379)
2019-06-29 20:49:01,927 INFO org.springframework.boot.SpringApplication [restartedMain] No active profile set, falling back to default profiles: default
2019-06-29 20:49:36,299 INFO org.springframework.boot.SpringApplication [restartedMain] No active profile set, falling back to default profiles: default
2019-06-29 20:50:34,476 INFO org.springframework.boot.StartupInfoLogger [restartedMain] Started SpringEurekaAuthApp in 68.479 seconds (JVM running for 71.352)
2019-06-29 20:52:13,008 INFO org.springframework.boot.SpringApplication [restartedMain] No active profile set, falling back to default profiles: default
2019-06-29 20:53:07,890 INFO org.springframework.boot.StartupInfoLogger [restartedMain] Started SpringEurekaAuthApp in 64.523 seconds (JVM running for 66.213)
=======
2019-06-28 13:02:29,195 INFO org.springframework.boot.SpringApplication [restartedMain] No active profile set, falling back to default profiles: default
2019-06-28 13:03:19,299 INFO org.springframework.boot.StartupInfoLogger [restartedMain] Started SpringEurekaAuthApp in 58.61 seconds (JVM running for 61.81)
2019-06-28 13:07:17,904 INFO org.springframework.boot.SpringApplication [restartedMain] No active profile set, falling back to default profiles: default
2019-06-28 13:08:53,605 INFO org.springframework.boot.SpringApplication [restartedMain] No active profile set, falling back to default profiles: default
2019-06-28 13:09:16,692 INFO org.springframework.boot.StartupInfoLogger [restartedMain] Started SpringEurekaAuthApp in 27.217 seconds (JVM running for 28.935)
2019-06-28 14:13:23,217 INFO org.springframework.boot.SpringApplication [restartedMain] No active profile set, falling back to default profiles: default
2019-06-28 14:17:09,371 INFO org.springframework.boot.SpringApplication [restartedMain] No active profile set, falling back to default profiles: default
2019-06-28 14:21:33,998 INFO org.springframework.boot.SpringApplication [restartedMain] No active profile set, falling back to default profiles: default
2019-06-28 14:28:38,889 INFO org.springframework.boot.SpringApplication [restartedMain] No active profile set, falling back to default profiles: default
2019-06-28 14:29:32,938 INFO org.springframework.boot.StartupInfoLogger [restartedMain] Started SpringEurekaAuthApp in 71.105 seconds (JVM running for 75.893)
2019-06-28 18:16:57,119 INFO org.springframework.boot.SpringApplication [restartedMain] No active profile set, falling back to default profiles: default
2019-06-28 18:17:37,314 INFO org.springframework.boot.StartupInfoLogger [restartedMain] Started SpringEurekaAuthApp in 47.463 seconds (JVM running for 50.939)
2019-06-28 20:24:31,480 INFO org.springframework.boot.SpringApplication [restartedMain] No active profile set, falling back to default profiles: default
2019-06-28 20:26:16,783 INFO org.springframework.boot.StartupInfoLogger [restartedMain] Started SpringEurekaAuthApp in 119.144 seconds (JVM running for 122.099)
2019-06-28 20:42:28,999 INFO org.springframework.boot.SpringApplication [restartedMain] No active profile set, falling back to default profiles: default
2019-06-28 20:45:46,283 INFO org.springframework.boot.SpringApplication [restartedMain] No active profile set, falling back to default profiles: default
2019-06-28 20:46:53,247 INFO org.springframework.boot.StartupInfoLogger [restartedMain] Started SpringEurekaAuthApp in 70.649 seconds (JVM running for 71.668)
>>>>>>> 185f9541cecb8374ddf13e5906794a4a7850ddcf
