2019-06-27 15:13:28,029 INFO org.springframework.boot.SpringApplication [restartedMain] No active profile set, falling back to default profiles: default
2019-06-27 15:14:21,715 INFO org.springframework.boot.StartupInfoLogger [restartedMain] Started SpringEurekaAuthApp in 61.161 seconds (JVM running for 63.699)
2019-06-27 15:35:13,926 INFO org.springframework.boot.SpringApplication [restartedMain] No active profile set, falling back to default profiles: default
2019-06-27 15:36:18,883 INFO org.springframework.boot.SpringApplication [restartedMain] No active profile set, falling back to default profiles: default
2019-06-27 15:37:18,465 INFO org.springframework.boot.StartupInfoLogger [restartedMain] Started SpringEurekaAuthApp in 67.383 seconds (JVM running for 69.794)
2019-06-27 15:46:47,763 DEBUG org.springframework.security.web.authentication.AbstractAuthenticationProcessingFilter [https-jsse-nio-9100-exec-9] Request is to process authentication
2019-06-27 15:53:56,695 INFO org.springframework.boot.SpringApplication [restartedMain] No active profile set, falling back to default profiles: default
2019-06-27 15:54:55,863 INFO org.springframework.boot.StartupInfoLogger [restartedMain] Started SpringEurekaAuthApp in 65.465 seconds (JVM running for 66.58)
2019-06-27 15:58:11,965 DEBUG org.springframework.security.web.authentication.AbstractAuthenticationProcessingFilter [https-jsse-nio-9100-exec-1] Request is to process authentication
2019-06-27 16:17:58,305 DEBUG org.springframework.security.web.authentication.AbstractAuthenticationProcessingFilter [https-jsse-nio-9100-exec-7] Request is to process authentication
2019-06-27 16:26:38,440 DEBUG org.springframework.security.web.authentication.AbstractAuthenticationProcessingFilter [https-jsse-nio-9100-exec-2] Request is to process authentication
2019-06-27 16:39:59,255 DEBUG org.springframework.security.web.authentication.AbstractAuthenticationProcessingFilter [https-jsse-nio-9100-exec-6] Request is to process authentication
2019-06-27 16:47:28,176 DEBUG org.springframework.security.web.authentication.AbstractAuthenticationProcessingFilter [https-jsse-nio-9100-exec-6] Request is to process authentication
2019-06-27 17:08:25,801 INFO org.springframework.boot.SpringApplication [restartedMain] No active profile set, falling back to default profiles: default
2019-06-27 17:11:03,321 INFO org.springframework.boot.SpringApplication [restartedMain] No active profile set, falling back to default profiles: default
2019-06-27 17:11:30,397 INFO org.springframework.boot.StartupInfoLogger [restartedMain] Started SpringEurekaAuthApp in 30.868 seconds (JVM running for 31.914)
2019-06-27 17:15:45,474 INFO org.springframework.boot.SpringApplication [restartedMain] No active profile set, falling back to default profiles: default
2019-06-27 17:16:52,841 INFO org.springframework.boot.StartupInfoLogger [restartedMain] Started SpringEurekaAuthApp in 87.277 seconds (JVM running for 93.415)
2019-06-27 17:17:44,485 DEBUG org.springframework.security.web.authentication.AbstractAuthenticationProcessingFilter [https-jsse-nio-9100-exec-9] Request is to process authentication
2019-06-27 17:24:59,205 DEBUG org.springframework.security.web.authentication.AbstractAuthenticationProcessingFilter [https-jsse-nio-9100-exec-9] Request is to process authentication
2019-06-27 19:34:30,985 INFO org.springframework.boot.SpringApplication [restartedMain] No active profile set, falling back to default profiles: default
2019-06-27 19:35:34,215 INFO org.springframework.boot.StartupInfoLogger [restartedMain] Started SpringEurekaAuthApp in 73.711 seconds (JVM running for 77.239)
2019-06-27 19:46:40,830 DEBUG org.springframework.security.web.authentication.AbstractAuthenticationProcessingFilter [https-jsse-nio-9100-exec-5] Request is to process authentication
2019-06-27 19:48:57,198 DEBUG org.springframework.security.web.authentication.AbstractAuthenticationProcessingFilter [https-jsse-nio-9100-exec-9] Request is to process authentication
2019-06-27 19:59:25,713 INFO org.springframework.boot.SpringApplication [restartedMain] No active profile set, falling back to default profiles: default
2019-06-27 20:02:07,126 INFO org.springframework.boot.SpringApplication [restartedMain] No active profile set, falling back to default profiles: default
2019-06-27 20:02:59,298 INFO org.springframework.boot.StartupInfoLogger [restartedMain] Started SpringEurekaAuthApp in 55.671 seconds (JVM running for 56.957)
2019-06-27 20:12:39,513 INFO org.springframework.boot.SpringApplication [restartedMain] No active profile set, falling back to default profiles: default
2019-06-27 20:13:48,252 INFO org.springframework.boot.StartupInfoLogger [restartedMain] Started SpringEurekaAuthApp in 86.199 seconds (JVM running for 91.465)
2019-06-27 20:16:09,049 INFO org.springframework.boot.SpringApplication [restartedMain] No active profile set, falling back to default profiles: default
2019-06-27 20:20:21,653 INFO org.springframework.boot.SpringApplication [restartedMain] No active profile set, falling back to default profiles: default
2019-06-27 20:23:05,563 INFO org.springframework.boot.SpringApplication [restartedMain] No active profile set, falling back to default profiles: default
2019-06-27 20:23:27,209 INFO org.springframework.boot.StartupInfoLogger [restartedMain] Started SpringEurekaAuthApp in 28.174 seconds (JVM running for 29.36)
2019-06-27 20:30:57,892 INFO org.springframework.boot.SpringApplication [restartedMain] No active profile set, falling back to default profiles: default
2019-06-27 20:32:05,768 INFO org.springframework.boot.StartupInfoLogger [restartedMain] Started SpringEurekaAuthApp in 75.48 seconds (JVM running for 77.746)
2019-06-27 20:34:24,523 DEBUG org.springframework.security.web.authentication.AbstractAuthenticationProcessingFilter [https-jsse-nio-9100-exec-10] Request is to process authentication
2019-06-27 20:37:12,088 DEBUG org.springframework.security.web.authentication.AbstractAuthenticationProcessingFilter [https-jsse-nio-9100-exec-9] Request is to process authentication
2019-06-27 20:37:34,573 DEBUG org.springframework.security.web.authentication.AbstractAuthenticationProcessingFilter [https-jsse-nio-9100-exec-7] Request is to process authentication
2019-06-27 20:37:34,684 DEBUG org.springframework.security.web.authentication.AbstractAuthenticationProcessingFilter [https-jsse-nio-9100-exec-7] Authentication request failed: org.springframework.security.authentication.BadCredentialsException: Bad credentials
org.springframework.security.authentication.BadCredentialsException: Bad credentials
	at org.springframework.security.authentication.dao.AbstractUserDetailsAuthenticationProvider.authenticate(AbstractUserDetailsAuthenticationProvider.java:151)
	at org.springframework.security.authentication.ProviderManager.authenticate(ProviderManager.java:174)
	at com.eureka.auth.security.JwtUsernameAndPasswordAuthenticationFilter.attemptAuthentication(JwtUsernameAndPasswordAuthenticationFilter.java:57)
	at org.springframework.security.web.authentication.AbstractAuthenticationProcessingFilter.doFilter(AbstractAuthenticationProcessingFilter.java:212)
	at org.springframework.security.web.FilterChainProxy$VirtualFilterChain.doFilter(FilterChainProxy.java:334)
	at org.springframework.security.web.authentication.logout.LogoutFilter.doFilter(LogoutFilter.java:116)
	at org.springframework.security.web.FilterChainProxy$VirtualFilterChain.doFilter(FilterChainProxy.java:334)
	at org.springframework.security.web.header.HeaderWriterFilter.doFilterInternal(HeaderWriterFilter.java:66)
	at org.springframework.web.filter.OncePerRequestFilter.doFilter(OncePerRequestFilter.java:107)
	at org.springframework.security.web.FilterChainProxy$VirtualFilterChain.doFilter(FilterChainProxy.java:334)
	at org.springframework.security.web.context.SecurityContextPersistenceFilter.doFilter(SecurityContextPersistenceFilter.java:105)
	at org.springframework.security.web.FilterChainProxy$VirtualFilterChain.doFilter(FilterChainProxy.java:334)
	at org.springframework.security.web.context.request.async.WebAsyncManagerIntegrationFilter.doFilterInternal(WebAsyncManagerIntegrationFilter.java:56)
	at org.springframework.web.filter.OncePerRequestFilter.doFilter(OncePerRequestFilter.java:107)
	at org.springframework.security.web.FilterChainProxy$VirtualFilterChain.doFilter(FilterChainProxy.java:334)
	at org.springframework.security.web.FilterChainProxy.doFilterInternal(FilterChainProxy.java:215)
	at org.springframework.security.web.FilterChainProxy.doFilter(FilterChainProxy.java:178)
	at org.springframework.web.filter.DelegatingFilterProxy.invokeDelegate(DelegatingFilterProxy.java:357)
	at org.springframework.web.filter.DelegatingFilterProxy.doFilter(DelegatingFilterProxy.java:270)
	at org.apache.catalina.core.ApplicationFilterChain.internalDoFilter(ApplicationFilterChain.java:193)
	at org.apache.catalina.core.ApplicationFilterChain.doFilter(ApplicationFilterChain.java:166)
	at org.springframework.web.filter.RequestContextFilter.doFilterInternal(RequestContextFilter.java:99)
	at org.springframework.web.filter.OncePerRequestFilter.doFilter(OncePerRequestFilter.java:107)
	at org.apache.catalina.core.ApplicationFilterChain.internalDoFilter(ApplicationFilterChain.java:193)
	at org.apache.catalina.core.ApplicationFilterChain.doFilter(ApplicationFilterChain.java:166)
	at org.springframework.web.filter.HttpPutFormContentFilter.doFilterInternal(HttpPutFormContentFilter.java:109)
	at org.springframework.web.filter.OncePerRequestFilter.doFilter(OncePerRequestFilter.java:107)
	at org.apache.catalina.core.ApplicationFilterChain.internalDoFilter(ApplicationFilterChain.java:193)
	at org.apache.catalina.core.ApplicationFilterChain.doFilter(ApplicationFilterChain.java:166)
	at org.springframework.web.filter.HiddenHttpMethodFilter.doFilterInternal(HiddenHttpMethodFilter.java:81)
	at org.springframework.web.filter.OncePerRequestFilter.doFilter(OncePerRequestFilter.java:107)
	at org.apache.catalina.core.ApplicationFilterChain.internalDoFilter(ApplicationFilterChain.java:193)
	at org.apache.catalina.core.ApplicationFilterChain.doFilter(ApplicationFilterChain.java:166)
	at org.springframework.web.filter.CharacterEncodingFilter.doFilterInternal(CharacterEncodingFilter.java:200)
	at org.springframework.web.filter.OncePerRequestFilter.doFilter(OncePerRequestFilter.java:107)
	at org.apache.catalina.core.ApplicationFilterChain.internalDoFilter(ApplicationFilterChain.java:193)
	at org.apache.catalina.core.ApplicationFilterChain.doFilter(ApplicationFilterChain.java:166)
	at org.apache.catalina.core.StandardWrapperValve.invoke(StandardWrapperValve.java:199)
	at org.apache.catalina.core.StandardContextValve.invoke(StandardContextValve.java:96)
	at org.apache.catalina.authenticator.AuthenticatorBase.invoke(AuthenticatorBase.java:496)
	at org.apache.catalina.core.StandardHostValve.invoke(StandardHostValve.java:140)
	at org.apache.catalina.valves.ErrorReportValve.invoke(ErrorReportValve.java:81)
	at org.apache.catalina.core.StandardEngineValve.invoke(StandardEngineValve.java:87)
	at org.apache.catalina.connector.CoyoteAdapter.service(CoyoteAdapter.java:342)
	at org.apache.coyote.http11.Http11Processor.service(Http11Processor.java:803)
	at org.apache.coyote.AbstractProcessorLight.process(AbstractProcessorLight.java:66)
	at org.apache.coyote.AbstractProtocol$ConnectionHandler.process(AbstractProtocol.java:790)
	at org.apache.tomcat.util.net.NioEndpoint$SocketProcessor.doRun(NioEndpoint.java:1459)
	at org.apache.tomcat.util.net.SocketProcessorBase.run(SocketProcessorBase.java:49)
	at java.util.concurrent.ThreadPoolExecutor.runWorker(Unknown Source)
	at java.util.concurrent.ThreadPoolExecutor$Worker.run(Unknown Source)
	at org.apache.tomcat.util.threads.TaskThread$WrappingRunnable.run(TaskThread.java:61)
	at java.lang.Thread.run(Unknown Source)
2019-06-27 20:37:34,684 DEBUG org.springframework.security.web.authentication.AbstractAuthenticationProcessingFilter [https-jsse-nio-9100-exec-7] Updated SecurityContextHolder to contain null Authentication
2019-06-27 20:37:34,684 DEBUG org.springframework.security.web.authentication.AbstractAuthenticationProcessingFilter [https-jsse-nio-9100-exec-7] Delegating to authentication failure handler org.springframework.security.web.authentication.SimpleUrlAuthenticationFailureHandler@40b8d5e1
