2019-05-12 20:45:27,550 INFO org.springframework.boot.StartupInfoLogger [main] Starting Kt1Application on miljan-PC with PID 3884 (C:\Users\miljan\Desktop\XML-BSEP\kt1\target\classes started by miljan in C:\Users\miljan\Desktop\XML-BSEP\kt1)
2019-05-12 20:45:27,554 DEBUG org.springframework.boot.StartupInfoLogger [main] Running with Spring Boot v2.1.3.RELEASE, Spring v5.1.5.RELEASE
2019-05-12 20:45:27,557 INFO org.springframework.boot.SpringApplication [main] No active profile set, falling back to default profiles: default
2019-05-12 20:45:41,211 INFO org.springframework.boot.StartupInfoLogger [main] Started Kt1Application in 14.733 seconds (JVM running for 16.311)
2019-05-12 20:46:50,316 WARN bsep.kt1.controller.AuthenticationController [http-nio-11000-exec-10] Aaaaaa
2019-05-12 20:46:50,317 ERROR bsep.kt1.controller.AuthenticationController [http-nio-11000-exec-10] aaaaaaaaaa
2019-05-12 20:51:18,244 INFO org.springframework.boot.StartupInfoLogger [main] Starting Kt1Application on miljan-PC with PID 3876 (C:\Users\miljan\Desktop\XML-BSEP\kt1\target\classes started by miljan in C:\Users\miljan\Desktop\XML-BSEP\kt1)
2019-05-12 20:51:18,249 DEBUG org.springframework.boot.StartupInfoLogger [main] Running with Spring Boot v2.1.3.RELEASE, Spring v5.1.5.RELEASE
2019-05-12 20:51:18,250 INFO org.springframework.boot.SpringApplication [main] No active profile set, falling back to default profiles: default
2019-05-12 20:51:30,096 INFO org.springframework.boot.StartupInfoLogger [main] Started Kt1Application in 12.623 seconds (JVM running for 14.477)
2019-05-12 20:52:18,098 INFO org.springframework.boot.StartupInfoLogger [main] Starting Kt1Application on miljan-PC with PID 5856 (C:\Users\miljan\Desktop\XML-BSEP\kt1\target\classes started by miljan in C:\Users\miljan\Desktop\XML-BSEP\kt1)
2019-05-12 20:52:18,104 DEBUG org.springframework.boot.StartupInfoLogger [main] Running with Spring Boot v2.1.3.RELEASE, Spring v5.1.5.RELEASE
2019-05-12 20:52:18,105 INFO org.springframework.boot.SpringApplication [main] No active profile set, falling back to default profiles: default
2019-05-12 20:52:32,168 INFO org.springframework.boot.StartupInfoLogger [main] Started Kt1Application in 15.071 seconds (JVM running for 16.616)
2019-05-12 21:14:00,075 INFO org.springframework.boot.StartupInfoLogger [main] Starting Kt1Application on miljan-PC with PID 4464 (C:\Users\miljan\Desktop\XML-BSEP\kt1\target\classes started by miljan in C:\Users\miljan\Desktop\XML-BSEP\kt1)
2019-05-12 21:14:00,080 DEBUG org.springframework.boot.StartupInfoLogger [main] Running with Spring Boot v2.1.3.RELEASE, Spring v5.1.5.RELEASE
2019-05-12 21:14:00,082 INFO org.springframework.boot.SpringApplication [main] No active profile set, falling back to default profiles: default
2019-05-12 21:15:47,797 INFO org.springframework.boot.StartupInfoLogger [main] Started Kt1Application in 108.79 seconds (JVM running for 110.326)
2019-05-12 21:16:29,777 WARN bsep.kt1.controller.AuthenticationController [http-nio-11000-exec-10] Aaaaaa
2019-05-12 21:16:29,779 ERROR bsep.kt1.controller.AuthenticationController [http-nio-11000-exec-10] aaaaaaaaaa
2019-05-12 21:16:35,185 WARN bsep.kt1.controller.AuthenticationController [http-nio-11000-exec-5] Aaaaaa
2019-05-12 21:16:35,186 ERROR bsep.kt1.controller.AuthenticationController [http-nio-11000-exec-5] aaaaaaaaaa
2019-05-12 21:16:37,168 WARN bsep.kt1.controller.AuthenticationController [http-nio-11000-exec-6] Aaaaaa
2019-05-12 21:16:40,206 ERROR bsep.kt1.controller.AuthenticationController [http-nio-11000-exec-6] aaaaaaaaaa
2019-05-12 21:16:55,268 WARN bsep.kt1.controller.AuthenticationController [http-nio-11000-exec-4] Aaaaaa
2019-05-12 21:16:55,269 ERROR bsep.kt1.controller.AuthenticationController [http-nio-11000-exec-4] aaaaaaaaaa
2019-05-12 21:28:44,345 INFO org.springframework.boot.StartupInfoLogger [main] Starting Kt1Application on miljan-PC with PID 1400 (C:\Users\miljan\Desktop\XML-BSEP\kt1\target\classes started by miljan in C:\Users\miljan\Desktop\XML-BSEP\kt1)
2019-05-12 21:28:44,351 DEBUG org.springframework.boot.StartupInfoLogger [main] Running with Spring Boot v2.1.3.RELEASE, Spring v5.1.5.RELEASE
2019-05-12 21:28:44,353 INFO org.springframework.boot.SpringApplication [main] No active profile set, falling back to default profiles: default
2019-05-12 21:28:55,942 INFO org.springframework.boot.StartupInfoLogger [main] Started Kt1Application in 12.479 seconds (JVM running for 14.162)
