2019-06-27 15:33:50,873 INFO xml_bsep.rating_system.controller.RecensionController [https-jsse-nio-11600-exec-3] NP_EVENT POS agent007 1
2019-06-27 15:39:32,744 INFO xml_bsep.rating_system.controller.RecensionController [https-jsse-nio-11600-exec-10] NP_EVENT POS agent007 1
2019-06-27 15:46:34,566 INFO xml_bsep.rating_system.controller.RecensionController [https-jsse-nio-11600-exec-3] NP_EVENT POS anonymousUser 1
2019-06-27 15:46:34,835 INFO xml_bsep.rating_system.controller.RecensionController [https-jsse-nio-11600-exec-10] NP_EVENT POS anonymousUser 2
2019-06-27 15:58:04,253 INFO xml_bsep.rating_system.controller.RecensionController [https-jsse-nio-11600-exec-9] NP_EVENT POS agent007 1
2019-06-27 15:58:39,877 INFO xml_bsep.rating_system.controller.RecensionController [https-jsse-nio-11600-exec-7] NP_EVENT POS user1 1
2019-06-27 15:58:40,212 INFO xml_bsep.rating_system.controller.RecensionController [https-jsse-nio-11600-exec-5] NP_EVENT POS user1 2
2019-06-27 15:59:24,416 INFO xml_bsep.rating_system.controller.RecensionController [https-jsse-nio-11600-exec-9] NP_EVENT POS agent007 1
2019-06-27 16:00:21,613 INFO xml_bsep.rating_system.controller.RecensionController [https-jsse-nio-11600-exec-8] NP_EVENT POS agent007 1
2019-06-27 16:00:31,707 INFO xml_bsep.rating_system.controller.RecensionController [https-jsse-nio-11600-exec-2] NP_EVENT POS agent007 2
2019-06-27 16:00:32,089 INFO xml_bsep.rating_system.controller.RecensionController [https-jsse-nio-11600-exec-6] NP_EVENT POS agent007 2
2019-06-27 16:00:53,379 INFO xml_bsep.rating_system.controller.RecensionController [https-jsse-nio-11600-exec-8] NP_EVENT POS agent007 1
2019-06-27 16:00:53,993 INFO xml_bsep.rating_system.controller.RecensionController [https-jsse-nio-11600-exec-9] NP_EVENT POS agent007 1
2019-06-27 16:00:54,231 INFO xml_bsep.rating_system.controller.RecensionController [https-jsse-nio-11600-exec-1] NP_EVENT POS agent007 1
2019-06-27 16:00:54,665 INFO xml_bsep.rating_system.controller.RecensionController [https-jsse-nio-11600-exec-8] NP_EVENT POS agent007 1
2019-06-27 16:00:54,950 INFO xml_bsep.rating_system.controller.RecensionController [https-jsse-nio-11600-exec-2] NP_EVENT POS agent007 1
2019-06-27 16:02:19,146 INFO xml_bsep.rating_system.controller.RecensionController [https-jsse-nio-11600-exec-1] NP_EVENT POS agent007 1
2019-06-27 16:02:39,782 INFO xml_bsep.rating_system.controller.RecensionController [https-jsse-nio-11600-exec-4] NP_EVENT POS user1 1
2019-06-27 16:02:39,949 INFO xml_bsep.rating_system.controller.RecensionController [https-jsse-nio-11600-exec-2] NP_EVENT POS user1 2
2019-06-27 16:03:33,313 INFO xml_bsep.rating_system.controller.RecensionController [https-jsse-nio-11600-exec-8] NP_EVENT POS agent007 1
2019-06-27 16:03:38,403 INFO xml_bsep.rating_system.controller.RecensionController [https-jsse-nio-11600-exec-3] NP_EVENT POS agent007 2
2019-06-27 16:03:39,137 INFO xml_bsep.rating_system.controller.RecensionController [https-jsse-nio-11600-exec-9] NP_EVENT POS agent007 2
2019-06-27 16:11:22,413 INFO xml_bsep.rating_system.controller.RecensionController [https-jsse-nio-11600-exec-6] NP_EVENT DSJ agent007 3
2019-06-27 16:11:47,327 INFO xml_bsep.rating_system.controller.RecensionController [https-jsse-nio-11600-exec-7] NP_EVENT POS agent007 3
2019-06-27 16:11:47,708 INFO xml_bsep.rating_system.controller.RecensionController [https-jsse-nio-11600-exec-8] NP_EVENT POS agent007 3
2019-06-27 16:11:48,605 INFO xml_bsep.rating_system.controller.RecensionController [https-jsse-nio-11600-exec-7] NP_EVENT POS agent007 3
2019-06-27 16:13:15,087 INFO xml_bsep.rating_system.controller.RecensionController [https-jsse-nio-11600-exec-3] NP_EVENT POS agent007 2
2019-06-27 16:13:15,495 INFO xml_bsep.rating_system.controller.RecensionController [https-jsse-nio-11600-exec-2] NP_EVENT POS agent007 2
2019-06-27 16:13:15,673 INFO xml_bsep.rating_system.controller.RecensionController [https-jsse-nio-11600-exec-6] NP_EVENT POS agent007 2
2019-06-27 16:13:18,346 INFO xml_bsep.rating_system.controller.RecensionController [https-jsse-nio-11600-exec-7] NP_EVENT POS agent007 3
2019-06-27 16:13:19,101 INFO xml_bsep.rating_system.controller.RecensionController [https-jsse-nio-11600-exec-10] NP_EVENT POS agent007 3
2019-06-27 16:13:19,507 INFO xml_bsep.rating_system.controller.RecensionController [https-jsse-nio-11600-exec-8] NP_EVENT POS agent007 3
2019-06-27 16:16:51,084 INFO xml_bsep.rating_system.controller.RecensionController [https-jsse-nio-11600-exec-1] NP_EVENT POS anonymousUser 1
2019-06-27 16:16:51,381 INFO xml_bsep.rating_system.controller.RecensionController [https-jsse-nio-11600-exec-4] NP_EVENT POS anonymousUser 2
2019-06-27 16:16:51,719 INFO xml_bsep.rating_system.controller.RecensionController [https-jsse-nio-11600-exec-2] NP_EVENT POS anonymousUser 3
2019-06-27 16:17:20,106 INFO xml_bsep.rating_system.controller.RecensionController [https-jsse-nio-11600-exec-1] NP_EVENT POS anonymousUser 2
2019-06-27 16:17:44,710 INFO xml_bsep.rating_system.controller.RecensionController [https-jsse-nio-11600-exec-4] NP_EVENT POS anonymousUser 1
2019-06-27 16:17:44,905 INFO xml_bsep.rating_system.controller.RecensionController [https-jsse-nio-11600-exec-2] NP_EVENT POS anonymousUser 2
2019-06-27 16:17:45,129 INFO xml_bsep.rating_system.controller.RecensionController [https-jsse-nio-11600-exec-3] NP_EVENT POS anonymousUser 3
2019-06-27 16:18:48,790 INFO xml_bsep.rating_system.controller.RecensionController [https-jsse-nio-11600-exec-4] NP_EVENT POS agent007 3
2019-06-27 16:24:20,099 INFO xml_bsep.rating_system.controller.RecensionController [https-jsse-nio-11600-exec-1] NP_EVENT OK user1 1
2019-06-27 16:26:37,794 INFO xml_bsep.rating_system.controller.RecensionController [https-jsse-nio-11600-exec-2] NP_EVENT POS anonymousUser 1
2019-06-27 16:26:38,185 INFO xml_bsep.rating_system.controller.RecensionController [https-jsse-nio-11600-exec-3] NP_EVENT POS anonymousUser 2
2019-06-27 16:27:00,895 INFO xml_bsep.rating_system.controller.RecensionController [https-jsse-nio-11600-exec-6] NP_EVENT POS agent007 1
2019-06-27 16:27:01,165 INFO xml_bsep.rating_system.controller.RecensionController [https-jsse-nio-11600-exec-9] NP_EVENT POS agent007 1
2019-06-27 16:27:01,420 INFO xml_bsep.rating_system.controller.RecensionController [https-jsse-nio-11600-exec-4] NP_EVENT POS agent007 1
2019-06-27 16:27:01,777 INFO xml_bsep.rating_system.controller.RecensionController [https-jsse-nio-11600-exec-6] NP_EVENT POS agent007 1
2019-06-27 16:27:02,065 INFO xml_bsep.rating_system.controller.RecensionController [https-jsse-nio-11600-exec-3] NP_EVENT POS agent007 1
2019-06-27 16:27:10,091 INFO xml_bsep.rating_system.controller.RecensionController [https-jsse-nio-11600-exec-2] NP_EVENT POS agent007 2
2019-06-27 16:27:10,534 INFO xml_bsep.rating_system.controller.RecensionController [https-jsse-nio-11600-exec-3] NP_EVENT POS agent007 2
2019-06-27 16:27:10,849 INFO xml_bsep.rating_system.controller.RecensionController [https-jsse-nio-11600-exec-4] NP_EVENT POS agent007 2
2019-06-27 16:27:11,099 INFO xml_bsep.rating_system.controller.RecensionController [https-jsse-nio-11600-exec-7] NP_EVENT POS agent007 2
2019-06-27 16:27:11,406 INFO xml_bsep.rating_system.controller.RecensionController [https-jsse-nio-11600-exec-10] NP_EVENT POS agent007 2
2019-06-27 16:27:18,148 INFO xml_bsep.rating_system.controller.RecensionController [https-jsse-nio-11600-exec-9] NP_EVENT POS agent007 1
2019-06-27 16:27:18,608 INFO xml_bsep.rating_system.controller.RecensionController [https-jsse-nio-11600-exec-4] NP_EVENT POS agent007 1
2019-06-27 16:27:18,743 INFO xml_bsep.rating_system.controller.RecensionController [https-jsse-nio-11600-exec-9] NP_EVENT POS agent007 1
2019-06-27 16:27:19,140 INFO xml_bsep.rating_system.controller.RecensionController [https-jsse-nio-11600-exec-4] NP_EVENT POS agent007 1
2019-06-27 16:27:19,411 INFO xml_bsep.rating_system.controller.RecensionController [https-jsse-nio-11600-exec-9] NP_EVENT POS agent007 1
2019-06-27 16:40:14,538 INFO xml_bsep.rating_system.controller.RecensionController [https-jsse-nio-11600-exec-3] NP_EVENT POS user1 1
2019-06-27 16:40:15,060 INFO xml_bsep.rating_system.controller.RecensionController [https-jsse-nio-11600-exec-1] NP_EVENT POS user1 2
2019-06-27 16:40:31,952 INFO xml_bsep.rating_system.controller.RecensionController [https-jsse-nio-11600-exec-7] NP_EVENT POS agent007 1
2019-06-27 16:40:46,919 INFO xml_bsep.rating_system.controller.RecensionController [https-jsse-nio-11600-exec-2] NP_EVENT OK user1 1
2019-06-27 16:41:01,674 INFO xml_bsep.rating_system.controller.RecensionController [https-jsse-nio-11600-exec-6] NP_EVENT POS agent007 2
2019-06-27 16:41:02,118 INFO xml_bsep.rating_system.controller.RecensionController [https-jsse-nio-11600-exec-7] NP_EVENT POS agent007 2
2019-06-27 16:41:03,124 INFO xml_bsep.rating_system.controller.RecensionController [https-jsse-nio-11600-exec-1] NP_EVENT POS agent007 1
2019-06-27 16:41:03,547 INFO xml_bsep.rating_system.controller.RecensionController [https-jsse-nio-11600-exec-8] NP_EVENT POS agent007 1
2019-06-27 16:41:03,810 INFO xml_bsep.rating_system.controller.RecensionController [https-jsse-nio-11600-exec-10] NP_EVENT POS agent007 1
2019-06-27 16:41:04,392 INFO xml_bsep.rating_system.controller.RecensionController [https-jsse-nio-11600-exec-6] NP_EVENT POS agent007 1
2019-06-27 16:41:04,799 INFO xml_bsep.rating_system.controller.RecensionController [https-jsse-nio-11600-exec-4] NP_EVENT POS agent007 1
2019-06-27 16:41:05,120 INFO xml_bsep.rating_system.controller.RecensionController [https-jsse-nio-11600-exec-7] NP_EVENT POS agent007 1
2019-06-27 16:41:30,823 INFO xml_bsep.rating_system.controller.RecensionController [https-jsse-nio-11600-exec-6] NP_EVENT POS user1 1
2019-06-27 16:41:30,936 INFO xml_bsep.rating_system.controller.RecensionController [https-jsse-nio-11600-exec-1] NP_EVENT POS user1 2
2019-06-27 16:41:34,830 INFO xml_bsep.rating_system.controller.RecensionController [https-jsse-nio-11600-exec-3] NP_EVENT POS user1 1
2019-06-27 16:48:34,821 INFO xml_bsep.rating_system.controller.RecensionController [https-jsse-nio-11600-exec-6] NP_EVENT OK admin1 1
2019-06-27 16:48:39,338 INFO xml_bsep.rating_system.controller.RecensionController [https-jsse-nio-11600-exec-9] NP_EVENT POS user1 1
2019-06-27 19:47:54,087 INFO xml_bsep.rating_system.controller.RecensionController [https-jsse-nio-11600-exec-8] NP_EVENT DSJ agent007 3
2019-06-27 19:47:58,831 INFO xml_bsep.rating_system.controller.RecensionController [https-jsse-nio-11600-exec-1] NP_EVENT POS agent007 3
2019-06-27 19:49:18,151 INFO xml_bsep.rating_system.controller.RecensionController [https-jsse-nio-11600-exec-6] NP_EVENT POS user1 3
2019-06-27 19:49:33,548 INFO xml_bsep.rating_system.controller.RecensionController [https-jsse-nio-11600-exec-4] NP_EVENT POS user1 1
2019-06-27 19:49:33,809 INFO xml_bsep.rating_system.controller.RecensionController [https-jsse-nio-11600-exec-9] NP_EVENT POS user1 2
2019-06-27 19:51:12,772 INFO xml_bsep.rating_system.controller.RecensionController [https-jsse-nio-11600-exec-9] NP_EVENT POS user1 1
2019-06-27 19:51:12,906 INFO xml_bsep.rating_system.controller.RecensionController [https-jsse-nio-11600-exec-6] NP_EVENT POS user1 2
2019-06-27 19:51:13,092 INFO xml_bsep.rating_system.controller.RecensionController [https-jsse-nio-11600-exec-4] NP_EVENT POS user1 3
2019-06-27 19:51:28,635 INFO xml_bsep.rating_system.controller.RecensionController [https-jsse-nio-11600-exec-9] NP_EVENT POS user1 2
2019-06-27 19:51:28,902 INFO xml_bsep.rating_system.controller.RecensionController [https-jsse-nio-11600-exec-10] NP_EVENT POS user1 3
2019-06-27 19:51:31,770 INFO xml_bsep.rating_system.controller.RecensionController [https-jsse-nio-11600-exec-8] NP_EVENT POS user1 2
2019-06-27 19:51:31,945 INFO xml_bsep.rating_system.controller.RecensionController [https-jsse-nio-11600-exec-7] NP_EVENT POS user1 3
2019-06-27 19:52:10,899 INFO xml_bsep.rating_system.controller.RecensionController [https-jsse-nio-11600-exec-5] NP_EVENT POS user1 3
2019-06-27 19:52:40,488 INFO xml_bsep.rating_system.controller.RecensionController [https-jsse-nio-11600-exec-4] NP_EVENT POS agent007 3
2019-06-27 19:53:02,191 INFO xml_bsep.rating_system.controller.RecensionController [https-jsse-nio-11600-exec-9] NP_EVENT POS agent007 3
2019-06-27 19:53:19,988 INFO xml_bsep.rating_system.controller.RecensionController [https-jsse-nio-11600-exec-5] NP_EVENT POS user1 1
2019-06-27 19:53:20,139 INFO xml_bsep.rating_system.controller.RecensionController [https-jsse-nio-11600-exec-8] NP_EVENT POS user1 2
2019-06-27 19:53:20,316 INFO xml_bsep.rating_system.controller.RecensionController [https-jsse-nio-11600-exec-9] NP_EVENT POS user1 3
2019-06-27 19:54:26,854 INFO xml_bsep.rating_system.controller.RecensionController [https-jsse-nio-11600-exec-5] NP_EVENT POS user1 1
2019-06-27 19:54:27,086 INFO xml_bsep.rating_system.controller.RecensionController [https-jsse-nio-11600-exec-8] NP_EVENT POS user1 2
2019-06-27 19:54:27,726 INFO xml_bsep.rating_system.controller.RecensionController [https-jsse-nio-11600-exec-10] NP_EVENT POS user1 3
2019-06-27 19:54:55,318 INFO xml_bsep.rating_system.controller.RecensionController [https-jsse-nio-11600-exec-10] NP_EVENT POS agent007 3
2019-06-27 19:54:57,369 INFO xml_bsep.rating_system.controller.RecensionController [https-jsse-nio-11600-exec-9] NP_EVENT POS agent007 1
2019-06-27 19:54:57,762 INFO xml_bsep.rating_system.controller.RecensionController [https-jsse-nio-11600-exec-10] NP_EVENT POS agent007 1
2019-06-27 19:54:58,048 INFO xml_bsep.rating_system.controller.RecensionController [https-jsse-nio-11600-exec-8] NP_EVENT POS agent007 1
2019-06-27 19:54:58,367 INFO xml_bsep.rating_system.controller.RecensionController [https-jsse-nio-11600-exec-5] NP_EVENT POS agent007 1
2019-06-27 19:55:37,304 INFO xml_bsep.rating_system.controller.RecensionController [https-jsse-nio-11600-exec-3] NP_EVENT OK user1 1
2019-06-27 19:56:14,500 INFO xml_bsep.rating_system.controller.RecensionController [https-jsse-nio-11600-exec-2] NP_EVENT OK admin1 1
