2019-06-29 08:04:21,737 INFO org.springframework.boot.SpringApplication [main] No active profile set, falling back to default profiles: default
2019-06-29 08:06:05,686 INFO org.springframework.boot.SpringApplication [main] No active profile set, falling back to default profiles: default
2019-06-29 08:06:51,034 INFO org.springframework.boot.StartupInfoLogger [main] Started RatingSystemApplication in 51.761 seconds (JVM running for 52.525)
2019-06-29 15:37:36,110 INFO org.springframework.boot.SpringApplication [main] No active profile set, falling back to default profiles: default
2019-06-29 15:37:55,887 INFO org.springframework.boot.StartupInfoLogger [main] Started RatingSystemApplicationTests in 23.337 seconds (JVM running for 25.481)
2019-06-29 19:19:39,409 INFO org.springframework.boot.SpringApplication [main] No active profile set, falling back to default profiles: default
2019-06-29 19:20:03,349 INFO org.springframework.boot.StartupInfoLogger [main] Started RatingSystemApplication in 27.886 seconds (JVM running for 28.816)
2019-06-29 19:41:19,524 INFO org.springframework.boot.SpringApplication [main] No active profile set, falling back to default profiles: default
2019-06-29 19:42:24,249 INFO org.springframework.boot.StartupInfoLogger [main] Started RatingSystemApplication in 71.608 seconds (JVM running for 72.678)
2019-06-29 19:45:01,416 INFO org.springframework.boot.SpringApplication [main] No active profile set, falling back to default profiles: default
2019-06-29 19:45:33,587 INFO org.springframework.boot.StartupInfoLogger [main] Started RatingSystemApplication in 37.125 seconds (JVM running for 38.348)
2019-06-29 19:49:50,252 INFO org.springframework.boot.SpringApplication [main] No active profile set, falling back to default profiles: default
2019-06-29 19:50:20,447 INFO org.springframework.boot.StartupInfoLogger [main] Started RatingSystemApplication in 33.81 seconds (JVM running for 34.625)
2019-06-29 20:05:04,352 INFO org.springframework.boot.SpringApplication [main] No active profile set, falling back to default profiles: default
2019-06-29 20:05:56,627 INFO org.springframework.boot.StartupInfoLogger [main] Started RatingSystemApplication in 67.901 seconds (JVM running for 69.359)
2019-06-29 20:17:43,396 INFO org.springframework.boot.SpringApplication [main] No active profile set, falling back to default profiles: default
2019-06-29 20:18:31,632 INFO org.springframework.boot.StartupInfoLogger [main] Started RatingSystemApplication in 56.773 seconds (JVM running for 58.499)
2019-06-29 20:58:28,583 INFO org.springframework.boot.SpringApplication [main] No active profile set, falling back to default profiles: default
2019-06-29 20:58:46,073 INFO org.springframework.boot.StartupInfoLogger [main] Started RatingSystemApplication in 20.261 seconds (JVM running for 20.969)
2019-06-29 21:03:24,539 INFO xml_bsep.rating_system.controller.RecensionController [http-nio-11600-exec-8] NP_EVENT PO user1 5 1
2019-06-29 21:03:52,611 INFO xml_bsep.rating_system.controller.RecensionController [http-nio-11600-exec-9] NP_EVENT POS user1 1
2019-06-29 21:04:05,413 INFO xml_bsep.rating_system.controller.RecensionController [http-nio-11600-exec-7] NP_EVENT OK admin1 1
2019-06-29 21:04:09,878 INFO xml_bsep.rating_system.controller.RecensionController [http-nio-11600-exec-8] NP_EVENT POS user1 1
